<?xml version="1.0" encoding="UTF-8" standalone="no"?>
<testsuite errors="0" failures="27" name="io.cucumber.core.plugin.JUnitFormatter" skipped="0" tests="36" time="29.968">
    <testcase classname="EEB-2" name="User Registration - Unique Username" time="1.578">
        <failure message="expected:&lt;[Planetarium Logi]n&gt; but was:&lt;[Account Creatio]n&gt;" type="org.junit.ComparisonFailure"><![CDATA[Given User is on the Login Page.............................................passed
And User with username "Batman" Doesn't Exist in database...................passed
When User clicks Create Account.............................................passed
Then User is taken to the Account Creation Page.............................passed
When User provides a username of "Batman"...................................passed
And User provides a password of "I am the night"............................passed
And User clicks the Register button.........................................passed
Then The User is given an Alert with text "Account created successfully with username".passed
And Account Creation Success and User Redirected to Login...................failed

StackTrace:
org.junit.ComparisonFailure: expected:<[Planetarium Logi]n> but was:<[Account Creatio]n>
	at org.junit.Assert.assertEquals(Assert.java:117)
	at org.junit.Assert.assertEquals(Assert.java:146)
	at com.revature.steps.UserRegistrationSteps.accountCreationSuccess(UserRegistrationSteps.java:94)
	at ✽.Account Creation Success and User Redirected to Login(classpath:features/EEB_2.feature:14)
]]></failure>
    </testcase>
    <testcase classname="EEB-2" name="User Registration - Unique Username 2" time="0.751">
        <system-out><![CDATA[Given User is on the Login Page.............................................passed
And User with username "Batman" Exists in database..........................passed
When User clicks Create Account.............................................passed
Then User is taken to the Account Creation Page.............................passed
When User provides a username of "Batman"...................................passed
And User provides a password of "I am the night"............................passed
And User clicks the Register button.........................................passed
Then The User is given an Alert with text "Account creation failed with username".passed
And Account Creation Failed.................................................passed
]]></system-out>
    </testcase>
    <testcase classname="EEB-2" name="User Registration - Username/Password Length" time="1.293">
        <failure message="expected:&lt;[Planetarium Logi]n&gt; but was:&lt;[Account Creatio]n&gt;" type="org.junit.ComparisonFailure"><![CDATA[Given User is on the Login Page.............................................passed
When User clicks Create Account.............................................passed
Then User is taken to the Account Creation Page.............................passed
When User provides a username of "BatmanAndRobin"...........................passed
And User provides a password of "JokerAndHarley"............................passed
And User clicks the Register button.........................................passed
Then The User is given an Alert with text "Account created successfully with username".passed
And Account Creation Success and User Redirected to Login...................failed

StackTrace:
org.junit.ComparisonFailure: expected:<[Planetarium Logi]n> but was:<[Account Creatio]n>
	at org.junit.Assert.assertEquals(Assert.java:117)
	at org.junit.Assert.assertEquals(Assert.java:146)
	at com.revature.steps.UserRegistrationSteps.accountCreationSuccess(UserRegistrationSteps.java:94)
	at ✽.Account Creation Success and User Redirected to Login(classpath:features/EEB_2.feature:30)
]]></failure>
    </testcase>
    <testcase classname="EEB-2" name="User Registration - Username/Password Length 2" time="0.986">
        <system-out><![CDATA[Given User is on the Login Page.............................................passed
When User clicks Create Account.............................................passed
Then User is taken to the Account Creation Page.............................passed
When User provides a username of "BatmanAndRobinNaNaNaNaNaNaNaNaNaNaNaNaNaNa".passed
And User provides a password of "JokerAndHarley"............................passed
And User clicks the Register button.........................................passed
Then The User is given an Alert with text "Account creation failed with username".passed
And Account Creation Failed.................................................passed
]]></system-out>
    </testcase>
    <testcase classname="EEB-2" name="User Registration - Username/Password Length 3" time="0.884">
        <system-out><![CDATA[Given User is on the Login Page.............................................passed
When User clicks Create Account.............................................passed
Then User is taken to the Account Creation Page.............................passed
When User provides a username of "BatmanAndRobin"...........................passed
And User provides a password of "JokerAndHarleyHaHaHaHaHaHaHaHaHaHaHaHaHaHa".passed
And User clicks the Register button.........................................passed
Then The User is given an Alert with text "Account creation failed with username".passed
And Account Creation Failed.................................................passed
]]></system-out>
    </testcase>
    <testcase classname="EEB-2" name="User Registration - Username/Password Length 4" time="0.226">
        <failure message="" type="java.lang.AssertionError"><![CDATA[Given User is on the Login Page.............................................passed
When User clicks Create Account.............................................passed
Then User is taken to the Account Creation Page.............................passed
When User provides a username of "".........................................passed
And User provides a password of "JokerAndHarley"............................passed
And User clicks the Register button.........................................passed
Then The User is given an Alert with text "Account created successfully with username".failed
And Account Creation Success and User Redirected to Login...................skipped

StackTrace:
java.lang.AssertionError
	at org.junit.Assert.fail(Assert.java:87)
	at org.junit.Assert.assertTrue(Assert.java:42)
	at org.junit.Assert.assertTrue(Assert.java:53)
	at com.revature.steps.UserRegistrationSteps.theUserIsGivenAnAlertWithText(UserRegistrationSteps.java:87)
	at ✽.The User is given an Alert with text "Account created successfully with username"(classpath:features/EEB_2.feature:29)
]]></failure>
    </testcase>
    <testcase classname="EEB-2" name="User Registration - Username/Password Length 5" time="0.245">
        <failure message="" type="java.lang.AssertionError"><![CDATA[Given User is on the Login Page.............................................passed
When User clicks Create Account.............................................passed
Then User is taken to the Account Creation Page.............................passed
When User provides a username of "BatmanAndRobin"...........................passed
And User provides a password of ""..........................................passed
And User clicks the Register button.........................................passed
Then The User is given an Alert with text "Account created successfully with username".failed
And Account Creation Success and User Redirected to Login...................skipped

StackTrace:
java.lang.AssertionError
	at org.junit.Assert.fail(Assert.java:87)
	at org.junit.Assert.assertTrue(Assert.java:42)
	at org.junit.Assert.assertTrue(Assert.java:53)
	at com.revature.steps.UserRegistrationSteps.theUserIsGivenAnAlertWithText(UserRegistrationSteps.java:87)
	at ✽.The User is given an Alert with text "Account created successfully with username"(classpath:features/EEB_2.feature:29)
]]></failure>
    </testcase>
    <testcase classname="EEB-3" name="User Login - Unique Username" time="0.717">
        <system-out><![CDATA[Given User is on the Login Page.............................................passed
Given User with username "Batman" Exists in database........................passed
When The user provides username "Batman"....................................passed
And User provides password "I am the night".................................passed
And User clicks the login button............................................passed
Then The user should receive the result Logged in successfully, redirected to home page.passed
]]></system-out>
    </testcase>
    <testcase classname="EEB-3" name="User Login - Unique Username 2" time="1.244">
        <system-out><![CDATA[Given User is on the Login Page.............................................passed
Given User with username "BatmanAndRobin" Exists in database................passed
When The user provides username "BatmanAndRobin"............................passed
And User provides password "I am the night".................................passed
And User clicks the login button............................................passed
Then The user should receive the result Alert -  login attempt failed: please try again.passed
]]></system-out>
    </testcase>
    <testcase classname="EEB-3" name="User Login - Password Visibility" time="0.7">
        <system-out><![CDATA[Given User is on the Login Page.............................................passed
Given User with username "Batman" Exists in database........................passed
When The user provides username "Batman"....................................passed
And User provides password "I am the night".................................passed
And User clicks the login button............................................passed
Then "I am the night" should not be visible in plaintext....................passed
Then The user should receive the result Logged in successfully, redirected to home page.passed
]]></system-out>
    </testcase>
    <testcase classname="EEB-3" name="User Login - Password Visibility 2" time="0.696">
        <system-out><![CDATA[Given User is on the Login Page.............................................passed
Given User with username "Batman" Exists in database........................passed
When The user provides username "Batman"....................................passed
And User provides password "JokerAndHarley".................................passed
And User clicks the login button............................................passed
Then "JokerAndHarley" should not be visible in plaintext....................passed
Then The user should receive the result Alert -  login attempt failed: please try again.passed
]]></system-out>
    </testcase>
    <testcase classname="EEB-4" name="Planetarium Visibility - Only logged in Users can access Planetarium home page" time="0.178">
        <failure message="The scenario has pending or undefined step(s)" type="java.lang.Exception"><![CDATA[Given The User is on the Login Page.........................................passed
When The user provides username "Batman"....................................passed
And User provides password "I am the night".................................passed
And User clicks the login button............................................passed
Then User is logged in Yes, if not then they receive an alert due to invalid credidential input.undefined
Then User is able to see their Planets and Moons added to their Planetarium : Yes.skipped
]]></failure>
    </testcase>
    <testcase classname="EEB-4" name="Planetarium Visibility - Only logged in Users can access Planetarium home page 2" time="0.124">
        <failure message="The scenario has pending or undefined step(s)" type="java.lang.Exception"><![CDATA[Given The User is on the Login Page.........................................passed
When The user provides username "John"......................................passed
And User provides password "Doe"............................................passed
And User clicks the login button............................................passed
Then User is logged in No, if not then they receive an alert due to invalid credidential input.undefined
Then User is able to see their Planets and Moons added to their Planetarium : No.skipped
]]></failure>
    </testcase>
    <testcase classname="EEB-5" name="Adding Planets - Planet Name Length" time="1.379">
        <failure message="" type="java.lang.AssertionError"><![CDATA[Given User is on the Home Page..............................................passed
When User clicks the Moon Dropdown option...................................passed
When User clicks Planet from the dropdown...................................passed
When User provides a Planet Name "".........................................passed
When User clicks Submit Planet..............................................passed
Then The User is given an Alert with text "Planet created with Name"........failed
And Planet Add Success......................................................skipped

StackTrace:
java.lang.AssertionError
	at org.junit.Assert.fail(Assert.java:87)
	at org.junit.Assert.assertTrue(Assert.java:42)
	at org.junit.Assert.assertTrue(Assert.java:53)
	at com.revature.steps.UserRegistrationSteps.theUserIsGivenAnAlertWithText(UserRegistrationSteps.java:83)
	at ✽.The User is given an Alert with text "Planet created with Name"(classpath:features/EEB_5.feature:11)
]]></failure>
    </testcase>
    <testcase classname="EEB-5" name="Adding Planets - Planet Name Length 2" time="1.395">
        <failure message="" type="java.lang.AssertionError"><![CDATA[Given User is on the Home Page..............................................passed
When User clicks the Moon Dropdown option...................................passed
When User clicks Planet from the dropdown...................................passed
When User provides a Planet Name "PlanetNameWithThirtyCharacters"...........passed
When User clicks Submit Planet..............................................passed
Then The User is given an Alert with text "Planet created with Name"........failed
And Planet Add Success......................................................skipped

StackTrace:
java.lang.AssertionError
	at org.junit.Assert.fail(Assert.java:87)
	at org.junit.Assert.assertTrue(Assert.java:42)
	at org.junit.Assert.assertTrue(Assert.java:53)
	at com.revature.steps.UserRegistrationSteps.theUserIsGivenAnAlertWithText(UserRegistrationSteps.java:83)
	at ✽.The User is given an Alert with text "Planet created with Name"(classpath:features/EEB_5.feature:11)
]]></failure>
    </testcase>
    <testcase classname="EEB-5" name="Adding Planets - Planet Name Length 3" time="1.378">
        <failure message="" type="java.lang.AssertionError"><![CDATA[Given User is on the Home Page..............................................passed
When User clicks the Moon Dropdown option...................................passed
When User clicks Planet from the dropdown...................................passed
When User provides a Planet Name "PlanetNameOfThirtyOneCharacters"..........passed
When User clicks Submit Planet..............................................passed
Then The User is given an Alert with text "Planet creation failed with Name".failed
And Planet Add Fail.........................................................skipped

StackTrace:
java.lang.AssertionError
	at org.junit.Assert.fail(Assert.java:87)
	at org.junit.Assert.assertTrue(Assert.java:42)
	at org.junit.Assert.assertTrue(Assert.java:53)
	at com.revature.steps.UserRegistrationSteps.theUserIsGivenAnAlertWithText(UserRegistrationSteps.java:83)
	at ✽.The User is given an Alert with text "Planet creation failed with Name"(classpath:features/EEB_5.feature:11)
]]></failure>
    </testcase>
    <testcase classname="EEB-5" name="Adding Planets - Unique Planet Names" time="1.44">
        <failure message="" type="java.lang.AssertionError"><![CDATA[Given User is on the Home Page..............................................passed
And Planet with name "Krypton" Doesn't Exist in database....................passed
When User clicks the Moon Dropdown option...................................passed
Then User clicks Planet from the dropdown...................................passed
Then User provides a Planet Name "Krypton"..................................passed
And User clicks Submit Planet...............................................passed
Then The User is given an Alert with text "Planet added successfully with name".failed
And Planet Add Success......................................................skipped

StackTrace:
java.lang.AssertionError
	at org.junit.Assert.fail(Assert.java:87)
	at org.junit.Assert.assertTrue(Assert.java:42)
	at org.junit.Assert.assertTrue(Assert.java:53)
	at com.revature.steps.UserRegistrationSteps.theUserIsGivenAnAlertWithText(UserRegistrationSteps.java:83)
	at ✽.The User is given an Alert with text "Planet added successfully with name"(classpath:features/EEB_5.feature:28)
]]></failure>
    </testcase>
    <testcase classname="EEB-5" name="Adding Planets - Unique Planet Names 2" time="1.501">
        <failure message="" type="java.lang.AssertionError"><![CDATA[Given User is on the Home Page..............................................passed
And Planet with name "Venus" Exists in database.............................passed
When User clicks the Moon Dropdown option...................................passed
Then User clicks Planet from the dropdown...................................passed
Then User provides a Planet Name "Venus"....................................passed
And User clicks Submit Planet...............................................passed
Then The User is given an Alert with text "Planet add failed with name".....failed
And Planet Add Failed.......................................................skipped

StackTrace:
java.lang.AssertionError
	at org.junit.Assert.fail(Assert.java:87)
	at org.junit.Assert.assertTrue(Assert.java:42)
	at org.junit.Assert.assertTrue(Assert.java:53)
	at com.revature.steps.UserRegistrationSteps.theUserIsGivenAnAlertWithText(UserRegistrationSteps.java:83)
	at ✽.The User is given an Alert with text "Planet add failed with name"(classpath:features/EEB_5.feature:28)
]]></failure>
    </testcase>
    <testcase classname="EEB-5" name="Adding Planets - Planet Ownership" time="1.851">
        <failure message="" type="java.lang.AssertionError"><![CDATA[Given User is on the Home Page..............................................passed
When User clicks the Moon Dropdown option...................................passed
When User clicks Planet from the dropdown...................................passed
When User provides a Planet Name "Tamaran"..................................passed
When User clicks Submit Planet..............................................passed
Then The User is given an Alert with text "Planet created with Name"........failed

StackTrace:
java.lang.AssertionError
	at org.junit.Assert.fail(Assert.java:87)
	at org.junit.Assert.assertTrue(Assert.java:42)
	at org.junit.Assert.assertTrue(Assert.java:53)
	at com.revature.steps.UserRegistrationSteps.theUserIsGivenAnAlertWithText(UserRegistrationSteps.java:83)
	at ✽.The User is given an Alert with text "Planet created with Name"(classpath:features/EEB_5.feature:43)
]]></failure>
    </testcase>
    <testcase classname="EEB-5" name="Adding Planets - Image Association" time="1.464">
        <system-out><![CDATA[Given User is on the Home Page..............................................passed
When User clicks the Moon Dropdown option...................................passed
When User clicks Planet from the dropdown...................................passed
When User provides a Planet Name "Pluto"....................................passed
When User provides an image Yes.............................................passed
When User clicks Submit Planet..............................................passed
Then Planet Add Success.....................................................passed
]]></system-out>
    </testcase>
    <testcase classname="EEB-5" name="Adding Planets - Image Association 2" time="0.931">
        <system-out><![CDATA[Given User is on the Home Page..............................................passed
When User clicks the Moon Dropdown option...................................passed
When User clicks Planet from the dropdown...................................passed
When User provides a Planet Name "Saturn"...................................passed
When User provides an image No..............................................passed
When User clicks Submit Planet..............................................passed
Then Planet Add Success.....................................................passed
]]></system-out>
    </testcase>
    <testcase classname="EEB-6" name="Deleting Planets - Unique Name" time="0.524">
        <failure message="Step [User is on the Home Page] is defined with 0 parameters at 'com.revature.steps.AddPlanetSteps.userOnHomePage()'.&#10;However, the gherkin step has 1 arguments:&#10; * DocString:&#10;      &quot;&quot;&quot;null&#10;      http://localhost:8080/planetarium&#10;      &quot;&quot;&quot;&#10;Step text: User is on the Home Page" type="io.cucumber.core.exception.CucumberException"><![CDATA[Given User is on the Home Page..............................................failed
When User clicks Planet from the dropdown...................................skipped
And User enters planet name "Nessus"........................................skipped
And User clicks the delete button...........................................skipped
Then Planet "Nessus" is "not deleted".......................................skipped

StackTrace:
io.cucumber.core.exception.CucumberException: Step [User is on the Home Page] is defined with 0 parameters at 'com.revature.steps.AddPlanetSteps.userOnHomePage()'.
However, the gherkin step has 1 arguments:
 * DocString:
      """null
      http://localhost:8080/planetarium
      """
Step text: User is on the Home Page
	at io.cucumber.core.runner.PickleStepDefinitionMatch.arityMismatch(PickleStepDefinitionMatch.java:83)
	at io.cucumber.core.runner.PickleStepDefinitionMatch.runStep(PickleStepDefinitionMatch.java:42)
	at io.cucumber.core.runner.TestStep.executeStep(TestStep.java:92)
	at io.cucumber.core.runner.TestStep.run(TestStep.java:63)
	at io.cucumber.core.runner.PickleStepTestStep.run(PickleStepTestStep.java:49)
	at io.cucumber.core.runner.TestCase.run(TestCase.java:98)
	at io.cucumber.core.runner.Runner.runPickle(Runner.java:71)
	at io.cucumber.junit.PickleRunners$NoStepDescriptions.run(PickleRunners.java:140)
	at io.cucumber.junit.FeatureRunner.runChild(FeatureRunner.java:118)
	at io.cucumber.junit.FeatureRunner.runChild(FeatureRunner.java:24)
	at org.junit.runners.ParentRunner$4.run(ParentRunner.java:331)
	at org.junit.runners.ParentRunner$1.schedule(ParentRunner.java:79)
	at org.junit.runners.ParentRunner.runChildren(ParentRunner.java:329)
	at org.junit.runners.ParentRunner.access$100(ParentRunner.java:66)
	at org.junit.runners.ParentRunner$2.evaluate(ParentRunner.java:293)
	at org.junit.runners.ParentRunner$3.evaluate(ParentRunner.java:306)
	at org.junit.runners.ParentRunner.run(ParentRunner.java:413)
	at io.cucumber.junit.Cucumber.runChild(Cucumber.java:192)
	at io.cucumber.junit.Cucumber.runChild(Cucumber.java:88)
	at org.junit.runners.ParentRunner$4.run(ParentRunner.java:331)
	at org.junit.runners.ParentRunner$1.schedule(ParentRunner.java:79)
	at org.junit.runners.ParentRunner.runChildren(ParentRunner.java:329)
	at org.junit.runners.ParentRunner.access$100(ParentRunner.java:66)
	at org.junit.runners.ParentRunner$2.evaluate(ParentRunner.java:293)
	at io.cucumber.junit.Cucumber$RunCucumber.evaluate(Cucumber.java:227)
	at org.junit.internal.runners.statements.RunBefores.evaluate(RunBefores.java:26)
	at org.junit.internal.runners.statements.RunAfters.evaluate(RunAfters.java:27)
	at org.junit.runners.ParentRunner$3.evaluate(ParentRunner.java:306)
	at org.junit.runners.ParentRunner.run(ParentRunner.java:413)
	at org.junit.runner.JUnitCore.run(JUnitCore.java:137)
	at com.intellij.junit4.JUnit4IdeaTestRunner.startRunnerWithArgs(JUnit4IdeaTestRunner.java:69)
	at com.intellij.rt.junit.IdeaTestRunner$Repeater$1.execute(IdeaTestRunner.java:38)
	at com.intellij.rt.execution.junit.TestsRepeater.repeat(TestsRepeater.java:11)
	at com.intellij.rt.junit.IdeaTestRunner$Repeater.startRunnerWithArgs(IdeaTestRunner.java:35)
	at com.intellij.rt.junit.JUnitStarter.prepareStreamsAndStart(JUnitStarter.java:232)
	at com.intellij.rt.junit.JUnitStarter.main(JUnitStarter.java:55)
]]></failure>
    </testcase>
    <testcase classname="EEB-6" name="Deleting Planets - Unique Name 2" time="0.527">
        <failure message="Step [User is on the Home Page] is defined with 0 parameters at 'com.revature.steps.AddPlanetSteps.userOnHomePage()'.&#10;However, the gherkin step has 1 arguments:&#10; * DocString:&#10;      &quot;&quot;&quot;null&#10;      http://localhost:8080/planetarium&#10;      &quot;&quot;&quot;&#10;Step text: User is on the Home Page" type="io.cucumber.core.exception.CucumberException"><![CDATA[Given User is on the Home Page..............................................failed
When User clicks Planet from the dropdown...................................skipped
And User enters planet name "Earth".........................................skipped
And User clicks the delete button...........................................skipped
Then Planet "Earth" is "deleted successfully"...............................skipped

StackTrace:
io.cucumber.core.exception.CucumberException: Step [User is on the Home Page] is defined with 0 parameters at 'com.revature.steps.AddPlanetSteps.userOnHomePage()'.
However, the gherkin step has 1 arguments:
 * DocString:
      """null
      http://localhost:8080/planetarium
      """
Step text: User is on the Home Page
	at io.cucumber.core.runner.PickleStepDefinitionMatch.arityMismatch(PickleStepDefinitionMatch.java:83)
	at io.cucumber.core.runner.PickleStepDefinitionMatch.runStep(PickleStepDefinitionMatch.java:42)
	at io.cucumber.core.runner.TestStep.executeStep(TestStep.java:92)
	at io.cucumber.core.runner.TestStep.run(TestStep.java:63)
	at io.cucumber.core.runner.PickleStepTestStep.run(PickleStepTestStep.java:49)
	at io.cucumber.core.runner.TestCase.run(TestCase.java:98)
	at io.cucumber.core.runner.Runner.runPickle(Runner.java:71)
	at io.cucumber.junit.PickleRunners$NoStepDescriptions.run(PickleRunners.java:140)
	at io.cucumber.junit.FeatureRunner.runChild(FeatureRunner.java:118)
	at io.cucumber.junit.FeatureRunner.runChild(FeatureRunner.java:24)
	at org.junit.runners.ParentRunner$4.run(ParentRunner.java:331)
	at org.junit.runners.ParentRunner$1.schedule(ParentRunner.java:79)
	at org.junit.runners.ParentRunner.runChildren(ParentRunner.java:329)
	at org.junit.runners.ParentRunner.access$100(ParentRunner.java:66)
	at org.junit.runners.ParentRunner$2.evaluate(ParentRunner.java:293)
	at org.junit.runners.ParentRunner$3.evaluate(ParentRunner.java:306)
	at org.junit.runners.ParentRunner.run(ParentRunner.java:413)
	at io.cucumber.junit.Cucumber.runChild(Cucumber.java:192)
	at io.cucumber.junit.Cucumber.runChild(Cucumber.java:88)
	at org.junit.runners.ParentRunner$4.run(ParentRunner.java:331)
	at org.junit.runners.ParentRunner$1.schedule(ParentRunner.java:79)
	at org.junit.runners.ParentRunner.runChildren(ParentRunner.java:329)
	at org.junit.runners.ParentRunner.access$100(ParentRunner.java:66)
	at org.junit.runners.ParentRunner$2.evaluate(ParentRunner.java:293)
	at io.cucumber.junit.Cucumber$RunCucumber.evaluate(Cucumber.java:227)
	at org.junit.internal.runners.statements.RunBefores.evaluate(RunBefores.java:26)
	at org.junit.internal.runners.statements.RunAfters.evaluate(RunAfters.java:27)
	at org.junit.runners.ParentRunner$3.evaluate(ParentRunner.java:306)
	at org.junit.runners.ParentRunner.run(ParentRunner.java:413)
	at org.junit.runner.JUnitCore.run(JUnitCore.java:137)
	at com.intellij.junit4.JUnit4IdeaTestRunner.startRunnerWithArgs(JUnit4IdeaTestRunner.java:69)
	at com.intellij.rt.junit.IdeaTestRunner$Repeater$1.execute(IdeaTestRunner.java:38)
	at com.intellij.rt.execution.junit.TestsRepeater.repeat(TestsRepeater.java:11)
	at com.intellij.rt.junit.IdeaTestRunner$Repeater.startRunnerWithArgs(IdeaTestRunner.java:35)
	at com.intellij.rt.junit.JUnitStarter.prepareStreamsAndStart(JUnitStarter.java:232)
	at com.intellij.rt.junit.JUnitStarter.main(JUnitStarter.java:55)
]]></failure>
    </testcase>
    <testcase classname="EEB-6" name="Deleting Planets - Planet Ownership" time="0.523">
        <failure message="The scenario has pending or undefined step(s)" type="java.lang.Exception"><![CDATA[Given User "Batman" is on the Home Page.....................................undefined
When User clicks Planet from the dropdown...................................skipped
And User enters planet name "Earth" having Owner Id 1.......................skipped
And User clicks the delete button...........................................skipped
Then Planet "Earth" is "deleted successfully"...............................skipped
]]></failure>
    </testcase>
    <testcase classname="EEB-6" name="Deleting Planets - Planet Ownership 2" time="0.523">
        <failure message="The scenario has pending or undefined step(s)" type="java.lang.Exception"><![CDATA[Given User "BatmanAndRobin" is on the Home Page.............................undefined
When User clicks Planet from the dropdown...................................skipped
And User enters planet name "Earth" having Owner Id 1.......................skipped
And User clicks the delete button...........................................skipped
Then Planet "Earth" is "not deleted"........................................skipped
]]></failure>
    </testcase>
    <testcase classname="EEB-6" name="Deleting Planets - Planet Ownership Pt. 2" time="0.525">
        <failure message="The scenario has pending or undefined step(s)" type="java.lang.Exception"><![CDATA[Given User "Batman" is on the Home Page.....................................undefined
When User clicks Planet from the dropdown...................................skipped
And User enters planet name "Nessus" having Owner Id 1......................skipped
And User clicks the delete button...........................................skipped
Then Planet "Nessus" is "deleted successfully"..............................skipped
]]></failure>
    </testcase>
    <testcase classname="EEB-6" name="Deleting Planets - Planet Ownership Pt. 2 2" time="0.524">
        <failure message="The scenario has pending or undefined step(s)" type="java.lang.Exception"><![CDATA[Given User "BatmanAndRobin" is on the Home Page.............................undefined
When User clicks Planet from the dropdown...................................skipped
And User enters planet name "Nessus" having Owner Id 1......................skipped
And User clicks the delete button...........................................skipped
Then Planet "Nessus" is "not deleted".......................................skipped
]]></failure>
    </testcase>
    <testcase classname="EEB-7" name="User Interaction - Add Moons" time="0.712">
        <failure message="The scenario has pending or undefined step(s)" type="java.lang.Exception"><![CDATA[Given User is on the Home Page..............................................passed
And User is logged in.......................................................undefined
When User selects moon from Dropdown........................................skipped
When User inputs "moonerEclipse" in the moon name section with assiociated planet ID  1.skipped
When User optionally attaches moon image: yes...............................skipped
Then The moon creation is a Success.........................................skipped
]]></failure>
    </testcase>
    <testcase classname="EEB-7" name="User Interaction - Add Moons 2" time="0.651">
        <failure message="The scenario has pending or undefined step(s)" type="java.lang.Exception"><![CDATA[Given User is on the Home Page..............................................passed
And User is logged in.......................................................undefined
When User selects moon from Dropdown........................................skipped
When User inputs "Luna" in the moon name section with assiociated planet ID  1.skipped
When User optionally attaches moon image: yes...............................skipped
Then The moon creation is a Fail............................................skipped
]]></failure>
    </testcase>
    <testcase classname="EEB-7" name="User Interaction - Add Moons 3" time="0.668">
        <failure message="The scenario has pending or undefined step(s)" type="java.lang.Exception"><![CDATA[Given User is on the Home Page..............................................passed
And User is logged in.......................................................undefined
When User selects moon from Dropdown........................................skipped
When User inputs "Luna" in the moon name section with assiociated planet ID  2.skipped
When User optionally attaches moon image: yes...............................skipped
Then The moon creation is a Fail............................................skipped
]]></failure>
    </testcase>
    <testcase classname="EEB-7" name="User Interaction - Add Moons 4" time="0.681">
        <failure message="The scenario has pending or undefined step(s)" type="java.lang.Exception"><![CDATA[Given User is on the Home Page..............................................passed
And User is logged in.......................................................undefined
When User selects moon from Dropdown........................................skipped
When User inputs "<null>" in the moon name section with assiociated planet ID  1.skipped
When User optionally attaches moon image: yes...............................skipped
Then The moon creation is a Fail............................................skipped
]]></failure>
    </testcase>
    <testcase classname="EEB-7" name="User Interaction - Add Moons 5" time="0.663">
        <failure message="The scenario has pending or undefined step(s)" type="java.lang.Exception"><![CDATA[Given User is on the Home Page..............................................passed
And User is logged in.......................................................undefined
When User selects moon from Dropdown........................................skipped
When User inputs "Titan" in the moon name section with assiociated planet ID  2.skipped
When User optionally attaches moon image: yes...............................skipped
Then The moon creation is a Fail............................................skipped
]]></failure>
    </testcase>
    <testcase classname="EEB-7" name="User Interaction - Add Moons 6" time="0.657">
        <failure message="The scenario has pending or undefined step(s)" type="java.lang.Exception"><![CDATA[Given User is on the Home Page..............................................passed
And User is logged in.......................................................undefined
When User selects moon from Dropdown........................................skipped
When User inputs "Sun" in the moon name section with assiociated planet ID  1.skipped
When User optionally attaches moon image: no................................skipped
Then The moon creation is a Success.........................................skipped
]]></failure>
    </testcase>
    <testcase classname="EEB-8" name="User Interaction - Remove Moons" time="0.524">
        <failure message="Step [User is on the Home Page] is defined with 0 parameters at 'com.revature.steps.AddPlanetSteps.userOnHomePage()'.&#10;However, the gherkin step has 1 arguments:&#10; * DocString:&#10;      &quot;&quot;&quot;null&#10;      http://localhost:8080/planetarium&#10;      &quot;&quot;&quot;&#10;Step text: User is on the Home Page" type="io.cucumber.core.exception.CucumberException"><![CDATA[Given User is on the Home Page..............................................failed
When User selects moon from Dropdown........................................skipped
When User enters moon name "Luna"...........................................skipped
And User clicks the delete button...........................................skipped
Then Moon "Luna" is deleted "Success".......................................skipped

StackTrace:
io.cucumber.core.exception.CucumberException: Step [User is on the Home Page] is defined with 0 parameters at 'com.revature.steps.AddPlanetSteps.userOnHomePage()'.
However, the gherkin step has 1 arguments:
 * DocString:
      """null
      http://localhost:8080/planetarium
      """
Step text: User is on the Home Page
	at io.cucumber.core.runner.PickleStepDefinitionMatch.arityMismatch(PickleStepDefinitionMatch.java:83)
	at io.cucumber.core.runner.PickleStepDefinitionMatch.runStep(PickleStepDefinitionMatch.java:42)
	at io.cucumber.core.runner.TestStep.executeStep(TestStep.java:92)
	at io.cucumber.core.runner.TestStep.run(TestStep.java:63)
	at io.cucumber.core.runner.PickleStepTestStep.run(PickleStepTestStep.java:49)
	at io.cucumber.core.runner.TestCase.run(TestCase.java:98)
	at io.cucumber.core.runner.Runner.runPickle(Runner.java:71)
	at io.cucumber.junit.PickleRunners$NoStepDescriptions.run(PickleRunners.java:140)
	at io.cucumber.junit.FeatureRunner.runChild(FeatureRunner.java:118)
	at io.cucumber.junit.FeatureRunner.runChild(FeatureRunner.java:24)
	at org.junit.runners.ParentRunner$4.run(ParentRunner.java:331)
	at org.junit.runners.ParentRunner$1.schedule(ParentRunner.java:79)
	at org.junit.runners.ParentRunner.runChildren(ParentRunner.java:329)
	at org.junit.runners.ParentRunner.access$100(ParentRunner.java:66)
	at org.junit.runners.ParentRunner$2.evaluate(ParentRunner.java:293)
	at org.junit.runners.ParentRunner$3.evaluate(ParentRunner.java:306)
	at org.junit.runners.ParentRunner.run(ParentRunner.java:413)
	at io.cucumber.junit.Cucumber.runChild(Cucumber.java:192)
	at io.cucumber.junit.Cucumber.runChild(Cucumber.java:88)
	at org.junit.runners.ParentRunner$4.run(ParentRunner.java:331)
	at org.junit.runners.ParentRunner$1.schedule(ParentRunner.java:79)
	at org.junit.runners.ParentRunner.runChildren(ParentRunner.java:329)
	at org.junit.runners.ParentRunner.access$100(ParentRunner.java:66)
	at org.junit.runners.ParentRunner$2.evaluate(ParentRunner.java:293)
	at io.cucumber.junit.Cucumber$RunCucumber.evaluate(Cucumber.java:227)
	at org.junit.internal.runners.statements.RunBefores.evaluate(RunBefores.java:26)
	at org.junit.internal.runners.statements.RunAfters.evaluate(RunAfters.java:27)
	at org.junit.runners.ParentRunner$3.evaluate(ParentRunner.java:306)
	at org.junit.runners.ParentRunner.run(ParentRunner.java:413)
	at org.junit.runner.JUnitCore.run(JUnitCore.java:137)
	at com.intellij.junit4.JUnit4IdeaTestRunner.startRunnerWithArgs(JUnit4IdeaTestRunner.java:69)
	at com.intellij.rt.junit.IdeaTestRunner$Repeater$1.execute(IdeaTestRunner.java:38)
	at com.intellij.rt.execution.junit.TestsRepeater.repeat(TestsRepeater.java:11)
	at com.intellij.rt.junit.IdeaTestRunner$Repeater.startRunnerWithArgs(IdeaTestRunner.java:35)
	at com.intellij.rt.junit.JUnitStarter.prepareStreamsAndStart(JUnitStarter.java:232)
	at com.intellij.rt.junit.JUnitStarter.main(JUnitStarter.java:55)
]]></failure>
    </testcase>
    <testcase classname="EEB-8" name="User Interaction - Remove Moons 2" time="0.523">
        <failure message="Step [User is on the Home Page] is defined with 0 parameters at 'com.revature.steps.AddPlanetSteps.userOnHomePage()'.&#10;However, the gherkin step has 1 arguments:&#10; * DocString:&#10;      &quot;&quot;&quot;null&#10;      http://localhost:8080/planetarium&#10;      &quot;&quot;&quot;&#10;Step text: User is on the Home Page" type="io.cucumber.core.exception.CucumberException"><![CDATA[Given User is on the Home Page..............................................failed
When User selects moon from Dropdown........................................skipped
When User enters moon name "Jira"...........................................skipped
And User clicks the delete button...........................................skipped
Then Moon "Jira" is deleted "Fail"..........................................skipped

StackTrace:
io.cucumber.core.exception.CucumberException: Step [User is on the Home Page] is defined with 0 parameters at 'com.revature.steps.AddPlanetSteps.userOnHomePage()'.
However, the gherkin step has 1 arguments:
 * DocString:
      """null
      http://localhost:8080/planetarium
      """
Step text: User is on the Home Page
	at io.cucumber.core.runner.PickleStepDefinitionMatch.arityMismatch(PickleStepDefinitionMatch.java:83)
	at io.cucumber.core.runner.PickleStepDefinitionMatch.runStep(PickleStepDefinitionMatch.java:42)
	at io.cucumber.core.runner.TestStep.executeStep(TestStep.java:92)
	at io.cucumber.core.runner.TestStep.run(TestStep.java:63)
	at io.cucumber.core.runner.PickleStepTestStep.run(PickleStepTestStep.java:49)
	at io.cucumber.core.runner.TestCase.run(TestCase.java:98)
	at io.cucumber.core.runner.Runner.runPickle(Runner.java:71)
	at io.cucumber.junit.PickleRunners$NoStepDescriptions.run(PickleRunners.java:140)
	at io.cucumber.junit.FeatureRunner.runChild(FeatureRunner.java:118)
	at io.cucumber.junit.FeatureRunner.runChild(FeatureRunner.java:24)
	at org.junit.runners.ParentRunner$4.run(ParentRunner.java:331)
	at org.junit.runners.ParentRunner$1.schedule(ParentRunner.java:79)
	at org.junit.runners.ParentRunner.runChildren(ParentRunner.java:329)
	at org.junit.runners.ParentRunner.access$100(ParentRunner.java:66)
	at org.junit.runners.ParentRunner$2.evaluate(ParentRunner.java:293)
	at org.junit.runners.ParentRunner$3.evaluate(ParentRunner.java:306)
	at org.junit.runners.ParentRunner.run(ParentRunner.java:413)
	at io.cucumber.junit.Cucumber.runChild(Cucumber.java:192)
	at io.cucumber.junit.Cucumber.runChild(Cucumber.java:88)
	at org.junit.runners.ParentRunner$4.run(ParentRunner.java:331)
	at org.junit.runners.ParentRunner$1.schedule(ParentRunner.java:79)
	at org.junit.runners.ParentRunner.runChildren(ParentRunner.java:329)
	at org.junit.runners.ParentRunner.access$100(ParentRunner.java:66)
	at org.junit.runners.ParentRunner$2.evaluate(ParentRunner.java:293)
	at io.cucumber.junit.Cucumber$RunCucumber.evaluate(Cucumber.java:227)
	at org.junit.internal.runners.statements.RunBefores.evaluate(RunBefores.java:26)
	at org.junit.internal.runners.statements.RunAfters.evaluate(RunAfters.java:27)
	at org.junit.runners.ParentRunner$3.evaluate(ParentRunner.java:306)
	at org.junit.runners.ParentRunner.run(ParentRunner.java:413)
	at org.junit.runner.JUnitCore.run(JUnitCore.java:137)
	at com.intellij.junit4.JUnit4IdeaTestRunner.startRunnerWithArgs(JUnit4IdeaTestRunner.java:69)
	at com.intellij.rt.junit.IdeaTestRunner$Repeater$1.execute(IdeaTestRunner.java:38)
	at com.intellij.rt.execution.junit.TestsRepeater.repeat(TestsRepeater.java:11)
	at com.intellij.rt.junit.IdeaTestRunner$Repeater.startRunnerWithArgs(IdeaTestRunner.java:35)
	at com.intellij.rt.junit.JUnitStarter.prepareStreamsAndStart(JUnitStarter.java:232)
	at com.intellij.rt.junit.JUnitStarter.main(JUnitStarter.java:55)
]]></failure>
    </testcase>
    <testcase classname="EEB-8" name="User Interaction - Remove Moons 3" time="0.523">
        <failure message="Step [User is on the Home Page] is defined with 0 parameters at 'com.revature.steps.AddPlanetSteps.userOnHomePage()'.&#10;However, the gherkin step has 1 arguments:&#10; * DocString:&#10;      &quot;&quot;&quot;null&#10;      http://localhost:8080/planetarium&#10;      &quot;&quot;&quot;&#10;Step text: User is on the Home Page" type="io.cucumber.core.exception.CucumberException"><![CDATA[Given User is on the Home Page..............................................failed
When User selects moon from Dropdown........................................skipped
When User enters moon name "<null>".........................................skipped
And User clicks the delete button...........................................skipped
Then Moon "<null>" is deleted "Fail"........................................skipped

StackTrace:
io.cucumber.core.exception.CucumberException: Step [User is on the Home Page] is defined with 0 parameters at 'com.revature.steps.AddPlanetSteps.userOnHomePage()'.
However, the gherkin step has 1 arguments:
 * DocString:
      """null
      http://localhost:8080/planetarium
      """
Step text: User is on the Home Page
	at io.cucumber.core.runner.PickleStepDefinitionMatch.arityMismatch(PickleStepDefinitionMatch.java:83)
	at io.cucumber.core.runner.PickleStepDefinitionMatch.runStep(PickleStepDefinitionMatch.java:42)
	at io.cucumber.core.runner.TestStep.executeStep(TestStep.java:92)
	at io.cucumber.core.runner.TestStep.run(TestStep.java:63)
	at io.cucumber.core.runner.PickleStepTestStep.run(PickleStepTestStep.java:49)
	at io.cucumber.core.runner.TestCase.run(TestCase.java:98)
	at io.cucumber.core.runner.Runner.runPickle(Runner.java:71)
	at io.cucumber.junit.PickleRunners$NoStepDescriptions.run(PickleRunners.java:140)
	at io.cucumber.junit.FeatureRunner.runChild(FeatureRunner.java:118)
	at io.cucumber.junit.FeatureRunner.runChild(FeatureRunner.java:24)
	at org.junit.runners.ParentRunner$4.run(ParentRunner.java:331)
	at org.junit.runners.ParentRunner$1.schedule(ParentRunner.java:79)
	at org.junit.runners.ParentRunner.runChildren(ParentRunner.java:329)
	at org.junit.runners.ParentRunner.access$100(ParentRunner.java:66)
	at org.junit.runners.ParentRunner$2.evaluate(ParentRunner.java:293)
	at org.junit.runners.ParentRunner$3.evaluate(ParentRunner.java:306)
	at org.junit.runners.ParentRunner.run(ParentRunner.java:413)
	at io.cucumber.junit.Cucumber.runChild(Cucumber.java:192)
	at io.cucumber.junit.Cucumber.runChild(Cucumber.java:88)
	at org.junit.runners.ParentRunner$4.run(ParentRunner.java:331)
	at org.junit.runners.ParentRunner$1.schedule(ParentRunner.java:79)
	at org.junit.runners.ParentRunner.runChildren(ParentRunner.java:329)
	at org.junit.runners.ParentRunner.access$100(ParentRunner.java:66)
	at org.junit.runners.ParentRunner$2.evaluate(ParentRunner.java:293)
	at io.cucumber.junit.Cucumber$RunCucumber.evaluate(Cucumber.java:227)
	at org.junit.internal.runners.statements.RunBefores.evaluate(RunBefores.java:26)
	at org.junit.internal.runners.statements.RunAfters.evaluate(RunAfters.java:27)
	at org.junit.runners.ParentRunner$3.evaluate(ParentRunner.java:306)
	at org.junit.runners.ParentRunner.run(ParentRunner.java:413)
	at org.junit.runner.JUnitCore.run(JUnitCore.java:137)
	at com.intellij.junit4.JUnit4IdeaTestRunner.startRunnerWithArgs(JUnit4IdeaTestRunner.java:69)
	at com.intellij.rt.junit.IdeaTestRunner$Repeater$1.execute(IdeaTestRunner.java:38)
	at com.intellij.rt.execution.junit.TestsRepeater.repeat(TestsRepeater.java:11)
	at com.intellij.rt.junit.IdeaTestRunner$Repeater.startRunnerWithArgs(IdeaTestRunner.java:35)
	at com.intellij.rt.junit.JUnitStarter.prepareStreamsAndStart(JUnitStarter.java:232)
	at com.intellij.rt.junit.JUnitStarter.main(JUnitStarter.java:55)
]]></failure>
    </testcase>
</testsuite>
